mode: set
blog-community/shared/cache/keys.go:9.42,11.2 1 0
blog-community/shared/cache/keys.go:15.61,17.2 1 0
blog-community/shared/cache/keys.go:21.44,23.2 1 0
blog-community/shared/cache/keys.go:29.36,31.2 1 0
blog-community/shared/cache/keys.go:34.62,36.2 1 0
blog-community/shared/cache/keys.go:39.55,41.2 1 0
blog-community/shared/cache/keys.go:44.50,46.2 1 0
blog-community/shared/cache/redis.go:17.61,42.47 4 0
blog-community/shared/cache/redis.go:42.47,44.3 1 0
blog-community/shared/cache/redis.go:46.2,46.42 1 0
blog-community/shared/cache/redis.go:51.111,53.2 1 0
blog-community/shared/cache/redis.go:56.76,58.2 1 0
blog-community/shared/cache/redis.go:61.70,63.2 1 0
blog-community/shared/cache/redis.go:66.77,68.16 2 0
blog-community/shared/cache/redis.go:68.16,70.3 1 0
blog-community/shared/cache/redis.go:71.2,71.21 1 0
blog-community/shared/cache/redis.go:75.76,77.2 1 0
blog-community/shared/cache/redis.go:80.95,82.2 1 0
blog-community/shared/cache/redis.go:85.95,87.2 1 0
blog-community/shared/cache/redis.go:90.90,92.2 1 0
blog-community/shared/cache/redis.go:95.84,97.2 1 0
blog-community/shared/cache/redis.go:100.91,102.2 1 0
blog-community/shared/cache/redis.go:105.85,107.2 1 0
blog-community/shared/cache/redis.go:110.80,112.22 2 0
blog-community/shared/cache/redis.go:112.22,114.3 1 0
blog-community/shared/cache/redis.go:115.2,115.17 1 0
blog-community/shared/cache/redis.go:119.100,122.21 3 0
blog-community/shared/cache/redis.go:122.21,124.3 1 0
blog-community/shared/cache/redis.go:125.2,125.35 1 0
blog-community/shared/cache/redis.go:125.35,127.3 1 0
blog-community/shared/cache/redis.go:128.2,128.18 1 0
blog-community/shared/cache/redis.go:132.37,134.2 1 0
blog-community/shared/cache/singleFlight.go:25.104,28.34 2 1
blog-community/shared/cache/singleFlight.go:28.34,33.3 4 1
blog-community/shared/cache/singleFlight.go:35.2,48.21 11 1
blog-community/shared/cache/singleFlight.go:58.42,60.80 1 0
blog-community/shared/cache/singleFlight.go:60.80,63.35 2 0
blog-community/shared/cache/singleFlight.go:63.35,64.24 1 0
blog-community/shared/cache/singleFlight.go:64.24,66.5 1 0
blog-community/shared/cache/singleFlight.go:67.4,68.61 2 0
blog-community/shared/cache/singleFlight.go:68.61,70.5 1 0
blog-community/shared/cache/singleFlight.go:74.3,75.19 2 0
blog-community/shared/cache/singleFlight.go:75.19,76.48 1 0
blog-community/shared/cache/singleFlight.go:76.48,78.5 1 0
blog-community/shared/cache/singleFlight.go:79.4,79.21 1 0
blog-community/shared/cache/singleFlight.go:83.3,83.51 1 0
blog-community/shared/cache/singleFlight.go:83.51,85.4 1 0
blog-community/shared/cache/singleFlight.go:87.3,87.19 1 0
blog-community/shared/cache/singleFlight.go:90.2,90.16 1 0
blog-community/shared/cache/singleFlight.go:90.16,92.3 1 0
blog-community/shared/cache/singleFlight.go:93.2,93.25 1 0
